<?xml version="1.0" encoding="UTF-8"?>
<testsuite name="StatementPrinterTests" tests="1" skipped="0" failures="0" errors="0" timestamp="2022-11-04T18:53:43" hostname="LPBACHAR" time="0.221">
  <properties/>
  <testcase name="exampleStatement()" classname="StatementPrinterTests" time="0.221"/>
  <system-out><![CDATA[]]></system-out>
  <system-err><![CDATA[]]></system-err>
</testsuite>
